# JRE version: OpenJDK Runtime Environment (21.0.5) (build 21.0.5+-13047016-b750.29)
# Java VM: OpenJDK 64-Bit Server VM (21.0.5+-13047016-b750.29, mixed mode, tiered, compressed oops, compressed class ptrs, g1 gc, windows-amd64)
GC Precious Log:
 CardTable entry size: 512
 Card Set container configuration: InlinePtr #cards 5 size 8 Array Of Cards #cards 12 size 40 Howl #buckets 4 coarsen threshold 1843 Howl Bitmap #cards 512 size 80 coarsen threshold 460 Card regions per heap region 1 cards per card region 2048
 CPUs: 4 total, 4 available
 Memory: 12053M
 Large Page Support: Disabled
 NUMA Support: Disabled
 Compressed Oops: Enabled (32-bit)
 Heap Region Size: 1M
 Heap Min Capacity: 8M
 Heap Initial Capacity: 190M
 Heap Max Capacity: 2G
 Pre-touch: Disabled
 Parallel Workers: 4
 Concurrent Workers: 1
 Concurrent Refinement Workers: 4
 Periodic GC: Disabled
Heap:
 garbage-first heap   total 258048K, used 171008K [0x0000000080000000, 0x0000000100000000)
  region size 1024K, 16 young (16384K), 11 survivors (11264K)
 Metaspace       used 175832K, committed 178368K, reserved 1245184K
  class space    used 22910K, committed 24192K, reserved 1048576K
GC Heap History (20 events):
Event: 30.441 GC heap before
{Heap before GC invocations=57 (full 0):
 garbage-first heap   total 232448K, used 207342K [0x0000000080000000, 0x0000000100000000)
  region size 1024K, 79 young (80896K), 11 survivors (11264K)
 Metaspace       used 125189K, committed 127552K, reserved 1179648K
  class space    used 16726K, committed 17920K, reserved 1048576K
}
Event: 30.456 GC heap after
{Heap after GC invocations=58 (full 0):
 garbage-first heap   total 232448K, used 142065K [0x0000000080000000, 0x0000000100000000)
  region size 1024K, 6 young (6144K), 6 survivors (6144K)
 Metaspace       used 125189K, committed 127552K, reserved 1179648K
  class space    used 16726K, committed 17920K, reserved 1048576K
}
Event: 32.822 GC heap before
{Heap before GC invocations=59 (full 0):
 garbage-first heap   total 239616K, used 217841K [0x0000000080000000, 0x0000000100000000)
  region size 1024K, 74 young (75776K), 6 survivors (6144K)
 Metaspace       used 132684K, committed 135104K, reserved 1179648K
  class space    used 17599K, committed 18816K, reserved 1048576K
}
Event: 32.830 GC heap after
{Heap after GC invocations=60 (full 0):
 garbage-first heap   total 239616K, used 144790K [0x0000000080000000, 0x0000000100000000)
  region size 1024K, 8 young (8192K), 8 survivors (8192K)
 Metaspace       used 132684K, committed 135104K, reserved 1179648K
  class space    used 17599K, committed 18816K, reserved 1048576K
}
Event: 34.941 GC heap before
{Heap before GC invocations=60 (full 0):
 garbage-first heap   total 239616K, used 221590K [0x0000000080000000, 0x0000000100000000)
  region size 1024K, 78 young (79872K), 8 survivors (8192K)
 Metaspace       used 138774K, committed 141248K, reserved 1179648K
  class space    used 18225K, committed 19456K, reserved 1048576K
}
Event: 34.953 GC heap after
{Heap after GC invocations=61 (full 0):
 garbage-first heap   total 239616K, used 147211K [0x0000000080000000, 0x0000000100000000)
  region size 1024K, 5 young (5120K), 5 survivors (5120K)
 Metaspace       used 138774K, committed 141248K, reserved 1179648K
  class space    used 18225K, committed 19456K, reserved 1048576K
}
Event: 36.242 GC heap before
{Heap before GC invocations=61 (full 0):
 garbage-first heap   total 239616K, used 219915K [0x0000000080000000, 0x0000000100000000)
  region size 1024K, 77 young (78848K), 5 survivors (5120K)
 Metaspace       used 149383K, committed 151872K, reserved 1245184K
  class space    used 19726K, committed 20992K, reserved 1048576K
}
Event: 36.248 GC heap after
{Heap after GC invocations=62 (full 0):
 garbage-first heap   total 239616K, used 146077K [0x0000000080000000, 0x0000000100000000)
  region size 1024K, 6 young (6144K), 6 survivors (6144K)
 Metaspace       used 149383K, committed 151872K, reserved 1245184K
  class space    used 19726K, committed 20992K, reserved 1048576K
}
Event: 38.187 GC heap before
{Heap before GC invocations=63 (full 0):
 garbage-first heap   total 244736K, used 220829K [0x0000000080000000, 0x0000000100000000)
  region size 1024K, 78 young (79872K), 6 survivors (6144K)
 Metaspace       used 155226K, committed 157760K, reserved 1245184K
  class space    used 20675K, committed 21952K, reserved 1048576K
}
Event: 38.199 GC heap after
{Heap after GC invocations=64 (full 0):
 garbage-first heap   total 244736K, used 150586K [0x0000000080000000, 0x0000000100000000)
  region size 1024K, 10 young (10240K), 10 survivors (10240K)
 Metaspace       used 155226K, committed 157760K, reserved 1245184K
  class space    used 20675K, committed 21952K, reserved 1048576K
}
Event: 41.761 GC heap before
{Heap before GC invocations=64 (full 0):
 garbage-first heap   total 244736K, used 219194K [0x0000000080000000, 0x0000000100000000)
  region size 1024K, 78 young (79872K), 10 survivors (10240K)
 Metaspace       used 157651K, committed 160192K, reserved 1245184K
  class space    used 21016K, committed 22272K, reserved 1048576K
}
Event: 41.776 GC heap after
{Heap after GC invocations=65 (full 0):
 garbage-first heap   total 244736K, used 152194K [0x0000000080000000, 0x0000000100000000)
  region size 1024K, 8 young (8192K), 8 survivors (8192K)
 Metaspace       used 157651K, committed 160192K, reserved 1245184K
  class space    used 21016K, committed 22272K, reserved 1048576K
}
Event: 43.327 GC heap before
{Heap before GC invocations=65 (full 0):
 garbage-first heap   total 244736K, used 222850K [0x0000000080000000, 0x0000000100000000)
  region size 1024K, 77 young (78848K), 8 survivors (8192K)
 Metaspace       used 160091K, committed 162624K, reserved 1245184K
  class space    used 21308K, committed 22592K, reserved 1048576K
}
Event: 43.337 GC heap after
{Heap after GC invocations=66 (full 0):
 garbage-first heap   total 244736K, used 154319K [0x0000000080000000, 0x0000000100000000)
  region size 1024K, 5 young (5120K), 5 survivors (5120K)
 Metaspace       used 160091K, committed 162624K, reserved 1245184K
  class space    used 21308K, committed 22592K, reserved 1048576K
}
Event: 111.980 GC heap before
{Heap before GC invocations=67 (full 0):
 garbage-first heap   total 258048K, used 223951K [0x0000000080000000, 0x0000000100000000)
  region size 1024K, 74 young (75776K), 5 survivors (5120K)
 Metaspace       used 168221K, committed 170752K, reserved 1245184K
  class space    used 22226K, committed 23488K, reserved 1048576K
}
Event: 111.991 GC heap after
{Heap after GC invocations=68 (full 0):
 garbage-first heap   total 258048K, used 157428K [0x0000000080000000, 0x0000000100000000)
  region size 1024K, 8 young (8192K), 8 survivors (8192K)
 Metaspace       used 168221K, committed 170752K, reserved 1245184K
  class space    used 22226K, committed 23488K, reserved 1048576K
}
Event: 121.449 GC heap before
{Heap before GC invocations=68 (full 0):
 garbage-first heap   total 258048K, used 234228K [0x0000000080000000, 0x0000000100000000)
  region size 1024K, 84 young (86016K), 8 survivors (8192K)
 Metaspace       used 175217K, committed 177792K, reserved 1245184K
  class space    used 22899K, committed 24192K, reserved 1048576K
}
Event: 121.464 GC heap after
{Heap after GC invocations=69 (full 0):
 garbage-first heap   total 258048K, used 158299K [0x0000000080000000, 0x0000000100000000)
  region size 1024K, 6 young (6144K), 6 survivors (6144K)
 Metaspace       used 175217K, committed 177792K, reserved 1245184K
  class space    used 22899K, committed 24192K, reserved 1048576K
}
Event: 123.145 GC heap before
{Heap before GC invocations=69 (full 0):
 garbage-first heap   total 258048K, used 236123K [0x0000000080000000, 0x0000000100000000)
  region size 1024K, 83 young (84992K), 6 survivors (6144K)
 Metaspace       used 175806K, committed 178368K, reserved 1245184K
  class space    used 22910K, committed 24192K, reserved 1048576K
}
Event: 123.163 GC heap after
{Heap after GC invocations=70 (full 0):
 garbage-first heap   total 258048K, used 166912K [0x0000000080000000, 0x0000000100000000)
  region size 1024K, 11 young (11264K), 11 survivors (11264K)
 Metaspace       used 175806K, committed 178368K, reserved 1245184K
  class space    used 22910K, committed 24192K, reserved 1048576K
}

